{"/Users/bhargavgoswami/Desktop/Web Development/Pragra/E-commerce/src/components/Contact.component.js": {"path":"/Users/bhargavgoswami/Desktop/Web Development/Pragra/E-commerce/src/components/Contact.component.js","statementMap":{"0":{"start":{"line":4,"column":4},"end":{"line":14,"column":5}}},"fnMap":{"0":{"name":"Contact","decl":{"start":{"line":3,"column":9},"end":{"line":3,"column":16}},"loc":{"start":{"line":3,"column":19},"end":{"line":15,"column":1}},"line":3}},"branchMap":{},"s":{"0":4},"f":{"0":4},"b":{},"_coverageSchema":"1a1c01bbd47fc00a2c39e90264f33305004495a9","hash":"80fd32fdd27700a107222da29a4c56ac80a4e180"}
,"/Users/bhargavgoswami/Desktop/Web Development/Pragra/E-commerce/src/components/sum.js": {"path":"/Users/bhargavgoswami/Desktop/Web Development/Pragra/E-commerce/src/components/sum.js","statementMap":{"0":{"start":{"line":2,"column":4},"end":{"line":2,"column":17}}},"fnMap":{"0":{"name":"sum","decl":{"start":{"line":1,"column":9},"end":{"line":1,"column":12}},"loc":{"start":{"line":1,"column":18},"end":{"line":3,"column":1}},"line":1}},"branchMap":{},"s":{"0":1},"f":{"0":1},"b":{},"_coverageSchema":"1a1c01bbd47fc00a2c39e90264f33305004495a9","hash":"7d813cccfc127e321fe9015343d4bb89c3aa0fb2"}
}
